2025-04-04 12:15:34,220 [TestNG-tests-1] INFO  com.in.testcases.TC002_Login - Open Cart website is opened...
2025-04-04 12:15:34,948 [TestNG-tests-1] INFO  com.in.testcases.TC002_Login - Successfully clicked on MyAccount Button...
2025-04-04 12:15:35,429 [TestNG-tests-1] INFO  com.in.testcases.TC002_Login - Successfully clicked on Register Button...
2025-04-04 12:15:35,592 [TestNG-tests-1] INFO  com.in.testcases.TC002_Login - Successfully entered on email id...
2025-04-04 12:15:35,710 [TestNG-tests-1] INFO  com.in.testcases.TC002_Login - Successfully entered the password...
2025-04-04 12:15:36,131 [TestNG-tests-2] INFO  com.in.testcases.TC001_New_Register_Account - Open Cart website is opened...
2025-04-04 12:15:36,247 [TestNG-tests-2] INFO  com.in.testcases.TC001_New_Register_Account - Successfully clicked on MyAccount Button...
2025-04-04 12:15:36,604 [TestNG-tests-1] INFO  com.in.testcases.TC002_Login - Successfully clicked on login button...
2025-04-04 12:15:36,682 [TestNG-tests-2] INFO  com.in.testcases.TC001_New_Register_Account - Successfully clicked on Register Button...
2025-04-04 12:15:37,461 [TestNG-tests-1] INFO  com.in.testcases.TC002_Login - Closed the broswer succesfully...
2025-04-04 12:15:38,676 [TestNG-tests-2] INFO  com.in.testcases.TC001_New_Register_Account - Succesfully entered the required details...
2025-04-04 12:15:40,060 [TestNG-tests-2] INFO  com.in.testcases.TC001_New_Register_Account - Closed the broswer succesfully...
2025-04-04 13:11:01,425 [main] INFO  com.in.testcases.TC003_EditAccountDetails - Open Cart website is opened...
2025-04-04 13:11:05,411 [main] INFO  com.in.testcases.TC003_EditAccountDetails - Closed the broswer succesfully...
2025-04-04 13:11:27,373 [main] INFO  com.in.testcases.TC003_EditAccountDetails - Open Cart website is opened...
2025-04-04 13:11:31,407 [main] INFO  com.in.testcases.TC003_EditAccountDetails - Closed the broswer succesfully...
2025-04-04 13:11:57,937 [main] INFO  com.in.testcases.TC003_EditAccountDetails - Open Cart website is opened...
2025-04-04 13:12:01,377 [main] INFO  com.in.testcases.TC003_EditAccountDetails - Closed the broswer succesfully...
2025-04-04 13:12:49,484 [main] INFO  com.in.testcases.TC003_EditAccountDetails - Open Cart website is opened...
2025-04-04 13:12:55,013 [main] INFO  com.in.testcases.TC003_EditAccountDetails - Closed the broswer succesfully...
2025-04-04 14:00:37,920 [TestNG-tests-1] INFO  com.in.testcases.TC002_Login - Open Cart website is opened...
2025-04-04 14:00:38,104 [TestNG-tests-1] INFO  com.in.testcases.TC002_Login - Successfully clicked on MyAccount Button...
2025-04-04 14:00:38,686 [TestNG-tests-1] INFO  com.in.testcases.TC002_Login - Successfully clicked on Register Button...
2025-04-04 14:00:38,915 [TestNG-tests-1] INFO  com.in.testcases.TC002_Login - Successfully entered on email id...
2025-04-04 14:00:39,116 [TestNG-tests-1] INFO  com.in.testcases.TC002_Login - Successfully entered the password...
2025-04-04 14:00:40,409 [TestNG-tests-1] INFO  com.in.testcases.TC002_Login - Successfully clicked on login button...
2025-04-04 14:00:41,009 [TestNG-tests-2] INFO  com.in.testcases.TC001_New_Register_Account - Open Cart website is opened...
2025-04-04 14:00:41,261 [TestNG-tests-2] INFO  com.in.testcases.TC001_New_Register_Account - Successfully clicked on MyAccount Button...
2025-04-04 14:00:41,485 [TestNG-tests-1] INFO  com.in.testcases.TC002_Login - Closed the broswer succesfully...
2025-04-04 14:00:41,731 [TestNG-tests-2] INFO  com.in.testcases.TC001_New_Register_Account - Successfully clicked on Register Button...
2025-04-04 14:00:43,533 [TestNG-tests-2] INFO  com.in.testcases.TC001_New_Register_Account - Succesfully entered the required details...
2025-04-04 14:00:44,894 [TestNG-tests-2] INFO  com.in.testcases.TC001_New_Register_Account - Closed the broswer succesfully...
2025-04-04 14:02:09,200 [TestNG-tests-1] INFO  com.in.testcases.TC002_Login - Open Cart website is opened...
2025-04-04 14:02:09,595 [TestNG-tests-1] INFO  com.in.testcases.TC002_Login - Successfully clicked on MyAccount Button...
2025-04-04 14:02:10,130 [TestNG-tests-1] INFO  com.in.testcases.TC002_Login - Successfully clicked on Register Button...
2025-04-04 14:02:10,315 [TestNG-tests-1] INFO  com.in.testcases.TC002_Login - Successfully entered on email id...
2025-04-04 14:02:10,363 [TestNG-tests-2] INFO  com.in.testcases.TC001_New_Register_Account - Open Cart website is opened...
2025-04-04 14:02:10,466 [TestNG-tests-1] INFO  com.in.testcases.TC002_Login - Successfully entered the password...
2025-04-04 14:02:10,533 [TestNG-tests-2] INFO  com.in.testcases.TC001_New_Register_Account - Successfully clicked on MyAccount Button...
2025-04-04 14:02:10,604 [TestNG-tests-1] INFO  com.in.testcases.TC002_Login - Successfully clicked on login button...
2025-04-04 14:02:10,937 [TestNG-tests-1] INFO  com.in.testcases.TC002_Login - Closed the broswer succesfully...
2025-04-04 14:02:11,022 [TestNG-tests-2] INFO  com.in.testcases.TC001_New_Register_Account - Successfully clicked on Register Button...
2025-04-04 14:02:12,825 [TestNG-tests-2] INFO  com.in.testcases.TC001_New_Register_Account - Succesfully entered the required details...
2025-04-04 14:02:13,628 [TestNG-tests-2] INFO  com.in.testcases.TC001_New_Register_Account - Closed the broswer succesfully...
2025-04-04 14:05:39,239 [TestNG-tests-1] INFO  com.in.testcases.TC002_Login - Open Cart website is opened...
2025-04-04 14:05:40,187 [TestNG-tests-1] INFO  com.in.testcases.TC002_Login - Successfully clicked on MyAccount Button...
2025-04-04 14:05:40,655 [TestNG-tests-1] INFO  com.in.testcases.TC002_Login - Successfully clicked on Register Button...
2025-04-04 14:05:40,831 [TestNG-tests-1] INFO  com.in.testcases.TC002_Login - Successfully entered on email id...
2025-04-04 14:05:40,971 [TestNG-tests-1] INFO  com.in.testcases.TC002_Login - Successfully entered the password...
2025-04-04 14:05:41,174 [TestNG-tests-1] INFO  com.in.testcases.TC002_Login - Successfully clicked on login button...
2025-04-04 14:05:41,478 [TestNG-tests-1] INFO  com.in.testcases.TC002_Login - Closed the broswer succesfully...
2025-04-04 14:05:41,902 [TestNG-tests-2] INFO  com.in.testcases.TC001_New_Register_Account - Open Cart website is opened...
2025-04-04 14:05:42,098 [TestNG-tests-2] INFO  com.in.testcases.TC001_New_Register_Account - Successfully clicked on MyAccount Button...
2025-04-04 14:05:42,752 [TestNG-tests-2] INFO  com.in.testcases.TC001_New_Register_Account - Successfully clicked on Register Button...
2025-04-04 14:05:45,000 [TestNG-tests-2] INFO  com.in.testcases.TC001_New_Register_Account - Succesfully entered the required details...
2025-04-04 14:05:46,344 [TestNG-tests-2] INFO  com.in.testcases.TC001_New_Register_Account - Closed the broswer succesfully...
2025-04-04 14:10:04,117 [TestNG-tests-1] INFO  com.in.testcases.TC002_Login - Open Cart website is opened...
2025-04-04 14:10:06,700 [TestNG-tests-2] INFO  com.in.testcases.TC001_New_Register_Account - Open Cart website is opened...
2025-04-04 14:10:08,231 [TestNG-tests-2] INFO  com.in.testcases.TC001_New_Register_Account - Successfully clicked on MyAccount Button...
2025-04-04 14:10:09,076 [TestNG-tests-1] INFO  com.in.testcases.TC002_Login - Successfully clicked on MyAccount Button...
2025-04-04 14:10:11,055 [TestNG-tests-1] INFO  com.in.testcases.TC002_Login - Successfully clicked on Register Button...
2025-04-04 14:10:13,228 [TestNG-tests-2] INFO  com.in.testcases.TC001_New_Register_Account - Successfully clicked on Register Button...
2025-04-04 14:10:14,883 [TestNG-tests-1] INFO  com.in.testcases.TC002_Login - Successfully entered on email id...
2025-04-04 14:10:17,112 [TestNG-tests-1] INFO  com.in.testcases.TC002_Login - Successfully entered the password...
2025-04-04 14:10:19,636 [TestNG-tests-1] INFO  com.in.testcases.TC002_Login - Successfully clicked on login button...
2025-04-04 14:10:26,973 [TestNG-tests-2] INFO  com.in.testcases.TC001_New_Register_Account - Succesfully entered the required details...
2025-04-04 14:10:31,309 [TestNG-tests-1] INFO  com.in.testcases.TC002_Login - Closed the broswer succesfully...
2025-04-04 14:10:31,672 [TestNG-tests-2] INFO  com.in.testcases.TC001_New_Register_Account - Closed the broswer succesfully...
2025-04-04 14:13:26,784 [TestNG-tests-1] INFO  com.in.testcases.TC002_Login - Open Cart website is opened...
2025-04-04 14:13:27,828 [TestNG-tests-1] INFO  com.in.testcases.TC002_Login - Successfully clicked on MyAccount Button...
2025-04-04 14:13:28,843 [TestNG-tests-1] INFO  com.in.testcases.TC002_Login - Successfully clicked on Register Button...
2025-04-04 14:13:30,363 [TestNG-tests-1] INFO  com.in.testcases.TC002_Login - Successfully entered on email id...
2025-04-04 14:13:31,037 [TestNG-tests-1] INFO  com.in.testcases.TC002_Login - Successfully entered the password...
2025-04-04 14:13:32,622 [TestNG-tests-1] INFO  com.in.testcases.TC002_Login - Successfully clicked on login button...
2025-04-04 14:13:40,593 [TestNG-tests-1] INFO  com.in.testcases.TC002_Login - Closed the broswer succesfully...
2025-04-04 14:14:37,884 [main] INFO  com.in.testcases.TC003_EditAccountDetails - Open Cart website is opened...
2025-04-04 14:14:48,302 [main] INFO  com.in.testcases.TC003_EditAccountDetails - Closed the broswer succesfully...
2025-04-04 14:16:00,553 [main] INFO  com.in.testcases.TC002_Login - Open Cart website is opened...
2025-04-04 14:16:03,065 [main] INFO  com.in.testcases.TC002_Login - Successfully clicked on MyAccount Button...
2025-04-04 14:16:04,107 [main] INFO  com.in.testcases.TC002_Login - Successfully clicked on Register Button...
2025-04-04 14:16:06,101 [main] INFO  com.in.testcases.TC002_Login - Successfully entered on email id...
2025-04-04 14:16:06,808 [main] INFO  com.in.testcases.TC002_Login - Successfully entered the password...
2025-04-04 14:16:07,528 [main] INFO  com.in.testcases.TC002_Login - Successfully clicked on login button...
2025-04-04 14:16:15,113 [main] INFO  com.in.testcases.TC002_Login - Closed the broswer succesfully...
2025-04-04 14:18:48,103 [main] INFO  com.in.testcases.TC002_Login - Open Cart website is opened...
2025-04-04 14:18:48,959 [main] INFO  com.in.testcases.TC002_Login - Successfully clicked on MyAccount Button...
2025-04-04 14:18:49,976 [main] INFO  com.in.testcases.TC002_Login - Successfully clicked on Register Button...
2025-04-04 14:18:51,753 [main] INFO  com.in.testcases.TC002_Login - Successfully entered on email id...
2025-04-04 14:18:52,436 [main] INFO  com.in.testcases.TC002_Login - Successfully entered the password...
2025-04-04 14:18:53,030 [main] INFO  com.in.testcases.TC002_Login - Successfully clicked on login button...
2025-04-04 14:18:59,266 [main] INFO  com.in.testcases.TC002_Login - Closed the broswer succesfully...
2025-04-04 14:19:07,071 [main] INFO  com.in.testcases.TC003_EditAccountDetails - Open Cart website is opened...
2025-04-04 14:19:17,517 [main] INFO  com.in.testcases.TC003_EditAccountDetails - Closed the broswer succesfully...
2025-04-06 21:49:36,218 [main] INFO  com.in.testcases.TC003_EditAccountDetails - Open Cart website is opened...
2025-04-06 21:49:39,721 [main] INFO  com.in.testcases.TC003_EditAccountDetails - Closed the broswer succesfully...
2025-04-06 21:51:14,615 [main] INFO  com.in.testcases.TC003_EditAccountDetails - Open Cart website is opened...
2025-04-06 21:51:18,119 [main] INFO  com.in.testcases.TC003_EditAccountDetails - Closed the broswer succesfully...
2025-04-06 21:52:15,066 [main] INFO  com.in.testcases.TC002_Login - Open Cart website is opened...
2025-04-06 21:52:15,309 [main] INFO  com.in.testcases.TC002_Login - Successfully clicked on MyAccount Button...
2025-04-06 21:52:15,618 [main] INFO  com.in.testcases.TC002_Login - Successfully clicked on Register Button...
2025-04-06 21:52:15,782 [main] INFO  com.in.testcases.TC002_Login - Successfully entered on email id...
2025-04-06 21:52:15,892 [main] INFO  com.in.testcases.TC002_Login - Successfully entered the password...
2025-04-06 21:52:16,023 [main] INFO  com.in.testcases.TC002_Login - Successfully clicked on login button...
2025-04-06 21:52:19,993 [main] INFO  com.in.testcases.TC002_Login - Closed the broswer succesfully...
2025-04-06 21:52:22,315 [main] INFO  com.in.testcases.TC003_EditAccountDetails - Open Cart website is opened...
2025-04-06 21:52:25,552 [main] INFO  com.in.testcases.TC003_EditAccountDetails - Closed the broswer succesfully...
2025-04-06 21:54:35,963 [main] INFO  com.in.testcases.TC003_EditAccountDetails - Open Cart website is opened...
2025-04-06 21:54:39,274 [main] INFO  com.in.testcases.TC003_EditAccountDetails - Closed the broswer succesfully...
2025-04-06 21:55:07,198 [main] INFO  com.in.testcases.TC002_Login - Open Cart website is opened...
2025-04-06 21:55:07,352 [main] INFO  com.in.testcases.TC002_Login - Successfully clicked on MyAccount Button...
2025-04-06 21:55:07,650 [main] INFO  com.in.testcases.TC002_Login - Successfully clicked on Register Button...
2025-04-06 21:55:07,830 [main] INFO  com.in.testcases.TC002_Login - Successfully entered on email id...
2025-04-06 21:55:07,933 [main] INFO  com.in.testcases.TC002_Login - Successfully entered the password...
2025-04-06 21:55:08,051 [main] INFO  com.in.testcases.TC002_Login - Successfully clicked on login button...
2025-04-06 21:55:12,152 [main] INFO  com.in.testcases.TC002_Login - Closed the broswer succesfully...
2025-04-06 21:55:14,406 [main] INFO  com.in.testcases.TC003_EditAccountDetails - Open Cart website is opened...
2025-04-06 21:55:17,547 [main] INFO  com.in.testcases.TC003_EditAccountDetails - Closed the broswer succesfully...
2025-04-06 21:55:27,685 [main] INFO  com.in.testcases.TC001_New_Register_Account - Open Cart website is opened...
2025-04-06 21:55:27,817 [main] INFO  com.in.testcases.TC001_New_Register_Account - Successfully clicked on MyAccount Button...
2025-04-06 21:55:28,216 [main] INFO  com.in.testcases.TC001_New_Register_Account - Successfully clicked on Register Button...
2025-04-06 21:55:30,620 [main] INFO  com.in.testcases.TC001_New_Register_Account - Succesfully entered the required details...
2025-04-06 21:55:31,970 [main] INFO  com.in.testcases.TC001_New_Register_Account - Closed the broswer succesfully...
2025-04-06 21:56:15,159 [main] INFO  com.in.testcases.TC002_Login - Open Cart website is opened...
2025-04-06 21:56:15,334 [main] INFO  com.in.testcases.TC002_Login - Successfully clicked on MyAccount Button...
2025-04-06 21:56:15,630 [main] INFO  com.in.testcases.TC002_Login - Successfully clicked on Register Button...
2025-04-06 21:56:15,806 [main] INFO  com.in.testcases.TC002_Login - Successfully entered on email id...
2025-04-06 21:56:15,930 [main] INFO  com.in.testcases.TC002_Login - Successfully entered the password...
2025-04-06 21:56:16,045 [main] INFO  com.in.testcases.TC002_Login - Successfully clicked on login button...
2025-04-06 21:56:20,067 [main] INFO  com.in.testcases.TC002_Login - Closed the broswer succesfully...
2025-04-06 21:56:22,315 [main] INFO  com.in.testcases.TC003_EditAccountDetails - Open Cart website is opened...
2025-04-06 21:56:26,096 [main] INFO  com.in.testcases.TC003_EditAccountDetails - Closed the broswer succesfully...
2025-04-06 22:00:51,277 [TestNG-tests-1] INFO  com.in.testcases.TC002_Login - Open Cart website is opened...
2025-04-06 22:00:51,455 [TestNG-tests-1] INFO  com.in.testcases.TC002_Login - Successfully clicked on MyAccount Button...
2025-04-06 22:00:51,745 [TestNG-tests-1] INFO  com.in.testcases.TC002_Login - Successfully clicked on Register Button...
2025-04-06 22:00:51,906 [TestNG-tests-1] INFO  com.in.testcases.TC002_Login - Successfully entered on email id...
2025-04-06 22:00:52,028 [TestNG-tests-1] INFO  com.in.testcases.TC002_Login - Successfully entered the password...
2025-04-06 22:00:52,150 [TestNG-tests-1] INFO  com.in.testcases.TC002_Login - Successfully clicked on login button...
2025-04-06 22:00:56,141 [TestNG-tests-1] INFO  com.in.testcases.TC002_Login - Closed the broswer succesfully...
2025-04-06 22:00:59,078 [TestNG-tests-1] INFO  com.in.testcases.TC003_EditAccountDetails - Open Cart website is opened...
2025-04-06 22:01:02,815 [TestNG-tests-1] INFO  com.in.testcases.TC003_EditAccountDetails - Closed the broswer succesfully...
2025-04-06 22:03:29,581 [TestNG-tests-2] INFO  com.in.testcases.TC001_New_Register_Account - Open Cart website is opened...
2025-04-06 22:03:29,624 [TestNG-tests-1] INFO  com.in.testcases.TC002_Login - Open Cart website is opened...
2025-04-06 22:03:29,931 [TestNG-tests-2] INFO  com.in.testcases.TC001_New_Register_Account - Successfully clicked on MyAccount Button...
2025-04-06 22:03:30,023 [TestNG-tests-1] INFO  com.in.testcases.TC002_Login - Successfully clicked on MyAccount Button...
2025-04-06 22:03:30,595 [TestNG-tests-1] INFO  com.in.testcases.TC002_Login - Successfully clicked on Register Button...
2025-04-06 22:03:30,615 [TestNG-tests-2] INFO  com.in.testcases.TC001_New_Register_Account - Successfully clicked on Register Button...
2025-04-06 22:03:30,814 [TestNG-tests-1] INFO  com.in.testcases.TC002_Login - Successfully entered on email id...
2025-04-06 22:03:30,990 [TestNG-tests-1] INFO  com.in.testcases.TC002_Login - Successfully entered the password...
2025-04-06 22:03:31,139 [TestNG-tests-1] INFO  com.in.testcases.TC002_Login - Successfully clicked on login button...
2025-04-06 22:03:32,776 [TestNG-tests-2] INFO  com.in.testcases.TC001_New_Register_Account - Succesfully entered the required details...
2025-04-06 22:03:33,065 [TestNG-tests-2] INFO  com.in.testcases.TC001_New_Register_Account - Closed the broswer succesfully...
2025-04-06 22:03:35,083 [TestNG-tests-1] INFO  com.in.testcases.TC002_Login - Closed the broswer succesfully...
2025-04-06 22:03:37,611 [TestNG-tests-1] INFO  com.in.testcases.TC003_EditAccountDetails - Open Cart website is opened...
2025-04-06 22:03:41,346 [TestNG-tests-1] INFO  com.in.testcases.TC003_EditAccountDetails - Closed the broswer succesfully...
2025-04-06 22:04:02,165 [TestNG-tests-1] INFO  com.in.testcases.TC002_Login - Open Cart website is opened...
2025-04-06 22:04:02,891 [TestNG-tests-1] INFO  com.in.testcases.TC002_Login - Successfully clicked on MyAccount Button...
2025-04-06 22:04:03,331 [TestNG-tests-1] INFO  com.in.testcases.TC002_Login - Successfully clicked on Register Button...
2025-04-06 22:04:03,696 [TestNG-tests-1] INFO  com.in.testcases.TC002_Login - Successfully entered on email id...
2025-04-06 22:04:03,855 [TestNG-tests-1] INFO  com.in.testcases.TC002_Login - Successfully entered the password...
2025-04-06 22:04:04,048 [TestNG-tests-1] INFO  com.in.testcases.TC002_Login - Successfully clicked on login button...
2025-04-06 22:04:04,141 [TestNG-tests-2] INFO  com.in.testcases.TC001_New_Register_Account - Open Cart website is opened...
2025-04-06 22:04:04,310 [TestNG-tests-2] INFO  com.in.testcases.TC001_New_Register_Account - Successfully clicked on MyAccount Button...
2025-04-06 22:04:05,004 [TestNG-tests-2] INFO  com.in.testcases.TC001_New_Register_Account - Successfully clicked on Register Button...
2025-04-06 22:04:07,060 [TestNG-tests-2] INFO  com.in.testcases.TC001_New_Register_Account - Succesfully entered the required details...
2025-04-06 22:04:07,322 [TestNG-tests-2] INFO  com.in.testcases.TC001_New_Register_Account - Closed the broswer succesfully...
2025-04-06 22:04:08,041 [TestNG-tests-1] INFO  com.in.testcases.TC002_Login - Closed the broswer succesfully...
2025-04-06 22:04:10,680 [TestNG-tests-1] INFO  com.in.testcases.TC003_EditAccountDetails - Open Cart website is opened...
2025-04-06 22:04:14,058 [TestNG-tests-1] INFO  com.in.testcases.TC003_EditAccountDetails - Closed the broswer succesfully...
2025-04-06 22:06:19,255 [TestNG-tests-1] INFO  com.in.testcases.TC002_Login - Open Cart website is opened...
2025-04-06 22:06:19,418 [TestNG-tests-1] INFO  com.in.testcases.TC002_Login - Successfully clicked on MyAccount Button...
2025-04-06 22:06:19,948 [TestNG-tests-1] INFO  com.in.testcases.TC002_Login - Successfully clicked on Register Button...
2025-04-06 22:06:20,152 [TestNG-tests-1] INFO  com.in.testcases.TC002_Login - Successfully entered on email id...
2025-04-06 22:06:20,293 [TestNG-tests-1] INFO  com.in.testcases.TC002_Login - Successfully entered the password...
2025-04-06 22:06:21,107 [TestNG-tests-1] INFO  com.in.testcases.TC002_Login - Successfully clicked on login button...
2025-04-06 22:06:29,868 [TestNG-tests-1] INFO  com.in.testcases.TC002_Login - Closed the broswer succesfully...
2025-04-06 22:06:32,108 [TestNG-tests-1] INFO  com.in.testcases.TC003_EditAccountDetails - Open Cart website is opened...
2025-04-06 22:06:35,208 [TestNG-tests-1] INFO  com.in.testcases.TC003_EditAccountDetails - Closed the broswer succesfully...
2025-04-06 22:09:58,824 [main] INFO  com.in.testcases.TC003_EditAccountDetails - Open Cart website is opened...
2025-04-06 22:10:03,554 [main] INFO  com.in.testcases.TC003_EditAccountDetails - Closed the broswer succesfully...
2025-04-06 22:10:24,573 [TestNG-tests-1] INFO  com.in.testcases.TC002_Login - Open Cart website is opened...
2025-04-06 22:10:24,942 [TestNG-tests-1] INFO  com.in.testcases.TC002_Login - Successfully clicked on MyAccount Button...
2025-04-06 22:10:26,030 [TestNG-tests-1] INFO  com.in.testcases.TC002_Login - Successfully clicked on Register Button...
2025-04-06 22:10:26,266 [TestNG-tests-1] INFO  com.in.testcases.TC002_Login - Successfully entered on email id...
2025-04-06 22:10:26,417 [TestNG-tests-1] INFO  com.in.testcases.TC002_Login - Successfully entered the password...
2025-04-06 22:10:26,646 [TestNG-tests-2] INFO  com.in.testcases.TC001_New_Register_Account - Open Cart website is opened...
2025-04-06 22:10:26,820 [TestNG-tests-2] INFO  com.in.testcases.TC001_New_Register_Account - Successfully clicked on MyAccount Button...
2025-04-06 22:10:27,147 [TestNG-tests-1] INFO  com.in.testcases.TC002_Login - Successfully clicked on login button...
2025-04-06 22:10:27,329 [TestNG-tests-2] INFO  com.in.testcases.TC001_New_Register_Account - Successfully clicked on Register Button...
2025-04-06 22:10:29,332 [TestNG-tests-2] INFO  com.in.testcases.TC001_New_Register_Account - Succesfully entered the required details...
2025-04-06 22:10:30,723 [TestNG-tests-2] INFO  com.in.testcases.TC001_New_Register_Account - Closed the broswer succesfully...
2025-04-06 22:10:31,343 [TestNG-tests-1] INFO  com.in.testcases.TC002_Login - Closed the broswer succesfully...
2025-04-06 22:10:33,914 [TestNG-tests-1] INFO  com.in.testcases.TC003_EditAccountDetails - Open Cart website is opened...
2025-04-06 22:10:37,089 [TestNG-tests-1] INFO  com.in.testcases.TC003_EditAccountDetails - Closed the broswer succesfully...
